{"logTime": "0927/181421", "correlationVector":"ls3t3+IjhdVz8nWD0VhYHp.1","action":"SyncServerConnectionManagerRequest", "result":"SYNC_SERVER_OK", "context":{"environment":"Prod_southindia_prod-s01-004-apac-southindia", "migrationStage":"NotStarted", "server":"akswtt018000032"}}
{"logTime": "0927/181421", "correlationVector":"ls3t3+IjhdVz8nWD0VhYHp","action":"Initial GetUpdates", "result":"", "context":Reason: NEW_CLIENT. cV=ls3t3+IjhdVz8nWD0VhYHp}
{"logTime": "0927/181421", "correlationVector":"ls3t3+IjhdVz8nWD0VhYHp.2","action":"GetUpdates Response", "result":"SYNCER_OK", "context":Received 1 update(s). cV=ls3t3+IjhdVz8nWD0VhYHp.0;server=akswtt018000032;cloudType=Consumer;environment=Prod_southindia_prod-s01-004-apac-southindia;migrationStage=NotStarted}
{"logTime": "0927/181850", "correlationVector":"Go1x9JiC68FRiZDuAe9geK","action":"SyncServerConnectionManagerRequest", "result":"SYNC_SERVER_ERROR", "context":{"environment":"", "error_type":"http_status_code", "error_value":"400", "migrationStage":"", "server":""}}
{"logTime": "0927/181850", "correlationVector":"JbL+D6FFoddq13AjCCQIxT","action":"Initial GetUpdates", "result":"", "context":Reason: NEW_CLIENT. cV=JbL+D6FFoddq13AjCCQIxT}
{"logTime": "0927/181850", "correlationVector":"","action":"AccessTokenFetched", "result":"Same stale AccessToken is retrieved (will retry) for EdgeSyncScopeNew"}
{"logTime": "0927/181850", "correlationVector":"","action":"CredentialsChanged", "result":"Empty token for EdgeSyncScopeNew"}
{"logTime": "0927/181850", "correlationVector":"JbL+D6FFoddq13AjCCQIxT.1","action":"SyncServerConnectionManagerRequest", "result":"SYNC_SERVER_OK", "context":{"environment":"Prod_southindia_prod-s01-004-apac-southindia", "migrationStage":"NotStarted", "server":"akswtt018000037"}}
{"logTime": "0927/181850", "correlationVector":"JbL+D6FFoddq13AjCCQIxT.2","action":"GetUpdates Response", "result":"SYNCER_OK", "context":Received 5 update(s). cV=JbL+D6FFoddq13AjCCQIxT.0;server=akswtt018000037;cloudType=Consumer;environment=Prod_southindia_prod-s01-004-apac-southindia;migrationStage=NotStarted}
{"logTime": "0927/181852", "correlationVector":"x9kGlmsFieSAUsbPi7fNf0","action":"SyncServerConnectionManagerRequest", "result":"SYNC_SERVER_OK", "context":{"environment":"", "migrationStage":"", "server":""}}
{"logTime": "0927/181852", "correlationVector":"aXA1/8tKDXPzwtZkm9Eo/9","action":"Normal GetUpdate request", "result":"", "context":cV=aXA1/8tKDXPzwtZkm9Eo/9
Nudged types: Device Info, User Consents
Refresh requested types: Device Info, User Consents, Send Tab To Self, Encryption Keys}
{"logTime": "0927/181852", "correlationVector":"aXA1/8tKDXPzwtZkm9Eo/9.1","action":"SyncServerConnectionManagerRequest", "result":"SYNC_SERVER_OK", "context":{"environment":"Prod_southindia_prod-s01-004-apac-southindia", "migrationStage":"NotStarted", "server":"akswtt018000037"}}
{"logTime": "0927/181852", "correlationVector":"aXA1/8tKDXPzwtZkm9Eo/9.2","action":"GetUpdates Response", "result":"SYNCER_OK", "context":Received 0 update(s). cV=aXA1/8tKDXPzwtZkm9Eo/9.0;server=akswtt018000037;cloudType=Consumer;environment=Prod_southindia_prod-s01-004-apac-southindia;migrationStage=NotStarted}
{"logTime": "0927/181852", "correlationVector":"0HnAPdo87LsDJGVYQDfjFt","action":"Commit Request", "result":"", "context":Item count: 2
Contributing types: Device Info, User Consents}
{"logTime": "0927/181853", "correlationVector":"0HnAPdo87LsDJGVYQDfjFt.1","action":"SyncServerConnectionManagerRequest", "result":"SYNC_SERVER_OK", "context":{"environment":"Prod_southindia_prod-s01-004-apac-southindia", "migrationStage":"NotStarted", "server":"akswtt018000004"}}
{"logTime": "0927/181853", "correlationVector":"0HnAPdo87LsDJGVYQDfjFt.2","action":"Commit Response", "result":"SYNCER_OK", "context":Result: SYNCER_OK. cV=0HnAPdo87LsDJGVYQDfjFt.0;server=akswtt018000004;cloudType=Consumer;environment=Prod_southindia_prod-s01-004-apac-southindia;migrationStage=NotStarted}
{"logTime": "0927/181853", "correlationVector":"PHH/w2LTDG69yaTaM2wmoB","action":"Normal GetUpdate request", "result":"", "context":cV=PHH/w2LTDG69yaTaM2wmoB
Nudged types: Device Info
Refresh requested types: Device Info, User Consents, Send Tab To Self, Encryption Keys}
{"logTime": "0927/181853", "correlationVector":"PHH/w2LTDG69yaTaM2wmoB.1","action":"SyncServerConnectionManagerRequest", "result":"SYNC_SERVER_OK", "context":{"environment":"Prod_southindia_prod-s01-004-apac-southindia", "migrationStage":"NotStarted", "server":"akswtt01800000f"}}
{"logTime": "0927/181853", "correlationVector":"PHH/w2LTDG69yaTaM2wmoB.2","action":"GetUpdates Response", "result":"SYNCER_OK", "context":Received 1 update(s). cV=PHH/w2LTDG69yaTaM2wmoB.0;server=akswtt01800000f;cloudType=Consumer;environment=Prod_southindia_prod-s01-004-apac-southindia;migrationStage=NotStarted}
{"logTime": "0927/183645", "correlationVector":"HYYa643KdOC4Y8O4SbhQKu.1","action":"SyncServerConnectionManagerRequest", "result":"SYNC_SERVER_OK", "context":{"environment":"Prod_southindia_prod-s01-004-apac-southindia", "migrationStage":"NotStarted", "server":"akswtt01800000s"}}
{"logTime": "0927/183645", "correlationVector":"HYYa643KdOC4Y8O4SbhQKu","action":"Initial GetUpdates", "result":"", "context":Reason: NEW_CLIENT. cV=HYYa643KdOC4Y8O4SbhQKu}
{"logTime": "0927/183645", "correlationVector":"HYYa643KdOC4Y8O4SbhQKu.2","action":"GetUpdates Response", "result":"SYNCER_OK", "context":Received 1 update(s). cV=HYYa643KdOC4Y8O4SbhQKu.0;server=akswtt01800000s;cloudType=Consumer;environment=Prod_southindia_prod-s01-004-apac-southindia;migrationStage=NotStarted}
{"logTime": "0927/183645", "correlationVector":"RFCNdCSkFi0eDxORNWGuqz","action":"SyncServerConnectionManagerRequest", "result":"SYNC_SERVER_OK", "context":{"environment":"", "migrationStage":"", "server":""}}
{"logTime": "0927/183645", "correlationVector":"0Q9aVhYr6xhhlH8JayMxKH","action":"Initial GetUpdates", "result":"", "context":Reason: NEWLY_SUPPORTED_DATATYPE. cV=0Q9aVhYr6xhhlH8JayMxKH}
{"logTime": "0927/183645", "correlationVector":"0Q9aVhYr6xhhlH8JayMxKH.1","action":"SyncServerConnectionManagerRequest", "result":"SYNC_SERVER_OK", "context":{"environment":"Prod_southindia_prod-s01-004-apac-southindia", "migrationStage":"NotStarted", "server":"akswtt018000032"}}
{"logTime": "0927/183645", "correlationVector":"0Q9aVhYr6xhhlH8JayMxKH.2","action":"GetUpdates Response", "result":"SYNCER_OK", "context":Received 0 update(s). cV=0Q9aVhYr6xhhlH8JayMxKH.0;server=akswtt018000032;cloudType=Consumer;environment=Prod_southindia_prod-s01-004-apac-southindia;migrationStage=NotStarted}
{"logTime": "0927/183645", "correlationVector":"52F8mH1WphGEbbp7xU33Fk","action":"Normal GetUpdate request", "result":"", "context":cV=52F8mH1WphGEbbp7xU33Fk
Refresh requested types: Device Info, User Consents, Send Tab To Self, Encryption Keys}
{"logTime": "0927/183645", "correlationVector":"52F8mH1WphGEbbp7xU33Fk.1","action":"SyncServerConnectionManagerRequest", "result":"SYNC_SERVER_OK", "context":{"environment":"Prod_southindia_prod-s01-004-apac-southindia", "migrationStage":"NotStarted", "server":"akswtt01800003f"}}
{"logTime": "0927/183645", "correlationVector":"52F8mH1WphGEbbp7xU33Fk.2","action":"GetUpdates Response", "result":"SYNCER_OK", "context":Received 0 update(s). cV=52F8mH1WphGEbbp7xU33Fk.0;server=akswtt01800003f;cloudType=Consumer;environment=Prod_southindia_prod-s01-004-apac-southindia;migrationStage=NotStarted}
{"logTime": "0927/183646", "correlationVector":"++ZDoYNPELslAT2LwHS49d","action":"Initial GetUpdates", "result":"", "context":Reason: RECONFIGURATION. cV=++ZDoYNPELslAT2LwHS49d}
{"logTime": "0927/183646", "correlationVector":"++ZDoYNPELslAT2LwHS49d.1","action":"SyncServerConnectionManagerRequest", "result":"SYNC_SERVER_OK", "context":{"environment":"Prod_southindia_prod-s01-004-apac-southindia", "migrationStage":"NotStarted", "server":"akswtt01800003f"}}
{"logTime": "0927/183646", "correlationVector":"++ZDoYNPELslAT2LwHS49d.2","action":"GetUpdates", "result":"DeleteReceived", "context":{"id":"cc4c3178-dd48-489c-ad60-d57d644995b2", "isDeleted:":"true", "version":"1758969273620"}}
{"logTime": "0927/183646", "correlationVector":"++ZDoYNPELslAT2LwHS49d.3","action":"GetUpdates", "result":"DeleteReceived", "context":{"id":"7e150342-bc22-472f-b2ce-a36e923996e9", "isDeleted:":"true", "version":"1758969274876"}}
{"logTime": "0927/183646", "correlationVector":"++ZDoYNPELslAT2LwHS49d.4","action":"GetUpdates", "result":"DeleteReceived", "context":{"id":"a5c89afa-4132-45ca-8ca6-8f4f9a84a5da", "isDeleted:":"true", "version":"1758969276038"}}
{"logTime": "0927/183646", "correlationVector":"++ZDoYNPELslAT2LwHS49d.5","action":"GetUpdates", "result":"DeleteReceived", "context":{"id":"60b74431-681f-4649-90c4-e1ae545be3bb", "isDeleted:":"true", "version":"1758969278204"}}
{"logTime": "0927/183646", "correlationVector":"++ZDoYNPELslAT2LwHS49d.6","action":"GetUpdates", "result":"DeleteReceived", "context":{"id":"f9018df7-c610-477d-b305-6e1fffe2c3dd", "isDeleted:":"true", "version":"1758969279354"}}
{"logTime": "0927/183646", "correlationVector":"++ZDoYNPELslAT2LwHS49d.7","action":"GetUpdates", "result":"DeleteReceived", "context":{"id":"4b4c1312-03cb-4a88-99be-3d85a5793ccf", "isDeleted:":"true", "version":"1758969280513"}}
{"logTime": "0927/183646", "correlationVector":"++ZDoYNPELslAT2LwHS49d.8","action":"GetUpdates", "result":"DeleteReceived", "context":{"id":"c89aadc5-759a-4092-bb27-a8cc13359dff", "isDeleted:":"true", "version":"1758969281707"}}
{"logTime": "0927/183646", "correlationVector":"++ZDoYNPELslAT2LwHS49d.9","action":"GetUpdates Response", "result":"SYNCER_OK", "context":Received 125 update(s). cV=++ZDoYNPELslAT2LwHS49d.0;server=akswtt01800003f;cloudType=Consumer;environment=Prod_southindia_prod-s01-004-apac-southindia;migrationStage=NotStarted}
{"logTime": "0927/183646", "correlationVector":"Wg39vl0gHVwuT7V/SoSTbG","action":"Initial GetUpdates", "result":"", "context":Reason: RECONFIGURATION. cV=Wg39vl0gHVwuT7V/SoSTbG}
{"logTime": "0927/183647", "correlationVector":"Wg39vl0gHVwuT7V/SoSTbG.1","action":"SyncServerConnectionManagerRequest", "result":"SYNC_SERVER_OK", "context":{"environment":"Prod_southindia_prod-s01-004-apac-southindia", "migrationStage":"NotStarted", "server":"akswtt01800003f"}}
{"logTime": "0927/183647", "correlationVector":"Wg39vl0gHVwuT7V/SoSTbG.2","action":"GetUpdates", "result":"DeleteReceived", "context":{"id":"361dcd8e-8e38-4f9e-aa0f-80743ecb9ec8", "isDeleted:":"true", "version":"1728800312414"}}
{"logTime": "0927/183647", "correlationVector":"Wg39vl0gHVwuT7V/SoSTbG.3","action":"GetUpdates Response", "result":"SYNCER_OK", "context":Received 21 update(s). cV=Wg39vl0gHVwuT7V/SoSTbG.0;server=akswtt01800003f;cloudType=Consumer;environment=Prod_southindia_prod-s01-004-apac-southindia;migrationStage=NotStarted}
{"logTime": "0927/183647", "correlationVector":"vwY15X+DJMR1GLHuuLcCIi","action":"Initial GetUpdates", "result":"", "context":Reason: RECONFIGURATION. cV=vwY15X+DJMR1GLHuuLcCIi}
{"logTime": "0927/183647", "correlationVector":"vwY15X+DJMR1GLHuuLcCIi.1","action":"SyncServerConnectionManagerRequest", "result":"SYNC_SERVER_OK", "context":{"environment":"Prod_southindia_prod-s01-004-apac-southindia", "migrationStage":"NotStarted", "server":"akswtt01800001s"}}
{"logTime": "0927/183647", "correlationVector":"vwY15X+DJMR1GLHuuLcCIi.2","action":"GetUpdates", "result":"DeleteReceived", "context":{"id":"3579f909-73c6-4747-a079-7307f07c1f72", "isDeleted:":"true", "version":"1758967685878"}}
{"logTime": "0927/183647", "correlationVector":"vwY15X+DJMR1GLHuuLcCIi.3","action":"GetUpdates", "result":"DeleteReceived", "context":{"id":"1d716a56-054a-41ef-a67e-8e9ce371b30e", "isDeleted:":"true", "version":"1758967685879"}}
{"logTime": "0927/183647", "correlationVector":"vwY15X+DJMR1GLHuuLcCIi.4","action":"GetUpdates", "result":"DeleteReceived", "context":{"id":"6078c54f-3772-4666-a367-87f032427a77", "isDeleted:":"true", "version":"1758967753840"}}
{"logTime": "0927/183647", "correlationVector":"vwY15X+DJMR1GLHuuLcCIi.5","action":"GetUpdates", "result":"DeleteReceived", "context":{"id":"a2b630a7-38e4-4e5f-9687-ce40cc371100", "isDeleted:":"true", "version":"1758967753843"}}
{"logTime": "0927/183647", "correlationVector":"vwY15X+DJMR1GLHuuLcCIi.6","action":"GetUpdates", "result":"DeleteReceived", "context":{"id":"62fabc98-a92f-435f-ac44-8b2847c3231f", "isDeleted:":"true", "version":"1758968579231"}}
{"logTime": "0927/183647", "correlationVector":"vwY15X+DJMR1GLHuuLcCIi.7","action":"GetUpdates", "result":"DeleteReceived", "context":{"id":"4020486a-d70c-4b8c-a254-09baccd6ce8f", "isDeleted:":"true", "version":"1758968579233"}}
{"logTime": "0927/183647", "correlationVector":"vwY15X+DJMR1GLHuuLcCIi.8","action":"GetUpdates", "result":"DeleteReceived", "context":{"id":"2801b2f9-611a-4fc9-912c-c240b7385eb9", "isDeleted:":"true", "version":"1758968879093"}}
{"logTime": "0927/183647", "correlationVector":"vwY15X+DJMR1GLHuuLcCIi.9","action":"GetUpdates", "result":"DeleteReceived", "context":{"id":"75f6543c-d8a0-4729-96e7-63340c53687b", "isDeleted:":"true", "version":"1758968879095"}}
{"logTime": "0927/183647", "correlationVector":"vwY15X+DJMR1GLHuuLcCIi.10","action":"GetUpdates", "result":"DeleteReceived", "context":{"id":"7fd12e3a-56c3-4fdf-8e8d-23239350103a", "isDeleted:":"true", "version":"1758968881682"}}
{"logTime": "0927/183647", "correlationVector":"vwY15X+DJMR1GLHuuLcCIi.11","action":"GetUpdates", "result":"DeleteReceived", "context":{"id":"b0317db3-6b2f-4533-bdd4-4c3d72d50263", "isDeleted:":"true", "version":"1758969854272"}}
{"logTime": "0927/183647", "correlationVector":"vwY15X+DJMR1GLHuuLcCIi.12","action":"GetUpdates", "result":"DeleteReceived", "context":{"id":"7d8b355c-795e-45dc-9228-75e5202dff4e", "isDeleted:":"true", "version":"1758969854275"}}
{"logTime": "0927/183647", "correlationVector":"vwY15X+DJMR1GLHuuLcCIi.13","action":"GetUpdates", "result":"DeleteReceived", "context":{"id":"33e2368e-46ff-4a31-937d-c43526524226", "isDeleted:":"true", "version":"1758969854276"}}
{"logTime": "0927/183647", "correlationVector":"vwY15X+DJMR1GLHuuLcCIi.14","action":"GetUpdates", "result":"DeleteReceived", "context":{"id":"c4d5bded-82ad-4ba7-a89c-c984729a416a", "isDeleted:":"true", "version":"1758970443197"}}
{"logTime": "0927/183647", "correlationVector":"vwY15X+DJMR1GLHuuLcCIi.15","action":"GetUpdates", "result":"DeleteReceived", "context":{"id":"d6a2b68e-6ce8-4e9a-bed4-33149798e809", "isDeleted:":"true", "version":"1758970443198"}}
{"logTime": "0927/183647", "correlationVector":"vwY15X+DJMR1GLHuuLcCIi.16","action":"GetUpdates", "result":"DeleteReceived", "context":{"id":"89179ab5-88c8-43a7-9dba-b2cf5a085b17", "isDeleted:":"true", "version":"1758971638558"}}
{"logTime": "0927/183647", "correlationVector":"vwY15X+DJMR1GLHuuLcCIi.17","action":"GetUpdates", "result":"DeleteReceived", "context":{"id":"b2756491-b317-4fc0-8935-9072e4314916", "isDeleted:":"true", "version":"1758971686140"}}
{"logTime": "0927/183647", "correlationVector":"vwY15X+DJMR1GLHuuLcCIi.18","action":"GetUpdates", "result":"DeleteReceived", "context":{"id":"9d480fce-8e1c-4071-842a-3878c7eb61da", "isDeleted:":"true", "version":"1758976949998"}}
{"logTime": "0927/183647", "correlationVector":"vwY15X+DJMR1GLHuuLcCIi.19","action":"GetUpdates", "result":"DeleteReceived", "context":{"id":"6afa1443-41c4-470a-8bd9-012ed23afaff", "isDeleted:":"true", "version":"1758991466507"}}
{"logTime": "0927/183647", "correlationVector":"vwY15X+DJMR1GLHuuLcCIi.20","action":"GetUpdates", "result":"DeleteReceived", "context":{"id":"97df0fb8-fc9b-44ef-bf58-6ef67757b193", "isDeleted:":"true", "version":"1758991509848"}}
{"logTime": "0927/183647", "correlationVector":"vwY15X+DJMR1GLHuuLcCIi.21","action":"GetUpdates", "result":"DeleteReceived", "context":{"id":"0fa28bb8-1774-40a6-8416-0501047a4072", "isDeleted:":"true", "version":"1758991762115"}}
{"logTime": "0927/183647", "correlationVector":"vwY15X+DJMR1GLHuuLcCIi.22","action":"GetUpdates", "result":"DeleteReceived", "context":{"id":"35f3ba33-c760-4aaa-bb00-88300164837c", "isDeleted:":"true", "version":"1758992014547"}}
{"logTime": "0927/183647", "correlationVector":"vwY15X+DJMR1GLHuuLcCIi.23","action":"GetUpdates", "result":"DeleteReceived", "context":{"id":"4c36312e-e598-498f-af62-f6cf06ab17df", "isDeleted:":"true", "version":"1758992014549"}}
{"logTime": "0927/183647", "correlationVector":"vwY15X+DJMR1GLHuuLcCIi.24","action":"GetUpdates", "result":"DeleteReceived", "context":{"id":"42263e9a-dde2-4ae2-8214-bf663f393381", "isDeleted:":"true", "version":"1758992748742"}}
{"logTime": "0927/183647", "correlationVector":"vwY15X+DJMR1GLHuuLcCIi.25","action":"GetUpdates", "result":"DeleteReceived", "context":{"id":"f30cee09-c218-4042-97ab-092147601820", "isDeleted:":"true", "version":"1758992748743"}}
{"logTime": "0927/183647", "correlationVector":"vwY15X+DJMR1GLHuuLcCIi.26","action":"GetUpdates", "result":"DeleteReceived", "context":{"id":"68bfbb8d-61e0-4218-b4c2-8a0bbde3897d", "isDeleted:":"true", "version":"1758992748745"}}
{"logTime": "0927/183647", "correlationVector":"vwY15X+DJMR1GLHuuLcCIi.27","action":"GetUpdates", "result":"DeleteReceived", "context":{"id":"c0009492-78ea-4a9c-97bd-ed7c089ecff7", "isDeleted:":"true", "version":"1758992748747"}}
{"logTime": "0927/183647", "correlationVector":"vwY15X+DJMR1GLHuuLcCIi.28","action":"GetUpdates", "result":"DeleteReceived", "context":{"id":"d6d56e54-02b7-4aa0-ac60-43469e8fe496", "isDeleted:":"true", "version":"1758993183000"}}
{"logTime": "0927/183647", "correlationVector":"vwY15X+DJMR1GLHuuLcCIi.29","action":"GetUpdates", "result":"DeleteReceived", "context":{"id":"9123cd38-ae24-443d-b158-b6fa1d918afc", "isDeleted:":"true", "version":"1758993183001"}}
{"logTime": "0927/183647", "correlationVector":"vwY15X+DJMR1GLHuuLcCIi.30","action":"GetUpdates", "result":"DeleteReceived", "context":{"id":"af03dc4b-205e-42d6-939d-b3aa4789922a", "isDeleted:":"true", "version":"1758993183004"}}
{"logTime": "0927/183647", "correlationVector":"vwY15X+DJMR1GLHuuLcCIi.31","action":"GetUpdates", "result":"DeleteReceived", "context":{"id":"ffc874f1-89b2-4462-b3df-a71e5d2b3eaf", "isDeleted:":"true", "version":"1758993183005"}}
{"logTime": "0927/183647", "correlationVector":"vwY15X+DJMR1GLHuuLcCIi.32","action":"GetUpdates", "result":"DeleteReceived", "context":{"id":"6467945c-9216-4354-a4d4-d637be81c6f2", "isDeleted:":"true", "version":"1758993595099"}}
{"logTime": "0927/183647", "correlationVector":"vwY15X+DJMR1GLHuuLcCIi.33","action":"GetUpdates", "result":"DeleteReceived", "context":{"id":"b26ede2d-9b8f-481d-b93b-4ceefbc14e5a", "isDeleted:":"true", "version":"1758993966638"}}
{"logTime": "0927/183647", "correlationVector":"vwY15X+DJMR1GLHuuLcCIi.34","action":"GetUpdates", "result":"DeleteReceived", "context":{"id":"3a87820c-0c8d-462a-9e5f-45e80630da01", "isDeleted:":"true", "version":"1758993966640"}}
{"logTime": "0927/183647", "correlationVector":"vwY15X+DJMR1GLHuuLcCIi.35","action":"GetUpdates", "result":"DeleteReceived", "context":{"id":"d433f2d1-8970-472e-96ac-cf7f8089ecaf", "isDeleted:":"true", "version":"1758994264068"}}
{"logTime": "0927/183647", "correlationVector":"vwY15X+DJMR1GLHuuLcCIi.36","action":"GetUpdates", "result":"DeleteReceived", "context":{"id":"bd6cd3d2-ba0d-4104-8db3-be0d9be88d39", "isDeleted:":"true", "version":"1758994805264"}}
{"logTime": "0927/183647", "correlationVector":"vwY15X+DJMR1GLHuuLcCIi.37","action":"GetUpdates", "result":"DeleteReceived", "context":{"id":"4e063b69-cd10-4be8-97e8-a0bc9e7462a8", "isDeleted:":"true", "version":"1758994864281"}}
{"logTime": "0927/183647", "correlationVector":"vwY15X+DJMR1GLHuuLcCIi.38","action":"GetUpdates", "result":"DeleteReceived", "context":{"id":"9dfd2ed9-21f6-4bba-be1a-5eb63c385a49", "isDeleted:":"true", "version":"1758995164109"}}
{"logTime": "0927/183647", "correlationVector":"vwY15X+DJMR1GLHuuLcCIi.39","action":"GetUpdates", "result":"DeleteReceived", "context":{"id":"d9f543c3-46bc-42eb-8a0f-1c295979057b", "isDeleted:":"true", "version":"1758997017412"}}
{"logTime": "0927/183647", "correlationVector":"vwY15X+DJMR1GLHuuLcCIi.40","action":"GetUpdates", "result":"DeleteReceived", "context":{"id":"14b57a11-9282-48c1-b12a-853281f23ed6", "isDeleted:":"true", "version":"1758997017414"}}
{"logTime": "0927/183647", "correlationVector":"vwY15X+DJMR1GLHuuLcCIi.41","action":"GetUpdates", "result":"DeleteReceived", "context":{"id":"3bcc6848-3779-4096-8c54-521beaafca11", "isDeleted:":"true", "version":"1758997163979"}}
{"logTime": "0927/183647", "correlationVector":"vwY15X+DJMR1GLHuuLcCIi.42","action":"GetUpdates", "result":"DeleteReceived", "context":{"id":"08a56775-fc21-4fc8-a94d-10edce3dc252", "isDeleted:":"true", "version":"1758997234225"}}
{"logTime": "0927/183647", "correlationVector":"vwY15X+DJMR1GLHuuLcCIi.43","action":"GetUpdates", "result":"DeleteReceived", "context":{"id":"456bfb60-67a8-42e6-8bc0-75fee5385c7a", "isDeleted:":"true", "version":"1758997234227"}}
{"logTime": "0927/183647", "correlationVector":"vwY15X+DJMR1GLHuuLcCIi.44","action":"GetUpdates", "result":"DeleteReceived", "context":{"id":"bb7dea65-1d66-40bc-8dce-3c7f3d0301f3", "isDeleted:":"true", "version":"1758997234229"}}
{"logTime": "0927/183647", "correlationVector":"vwY15X+DJMR1GLHuuLcCIi.45","action":"GetUpdates", "result":"DeleteReceived", "context":{"id":"faf3e6b6-a05f-49b2-95e6-009064519f6e", "isDeleted:":"true", "version":"1758997345278"}}
{"logTime": "0927/183647", "correlationVector":"vwY15X+DJMR1GLHuuLcCIi.46","action":"GetUpdates", "result":"DeleteReceived", "context":{"id":"3d2820f5-5b98-4e3a-be71-227114590a4a", "isDeleted:":"true", "version":"1758997345279"}}
{"logTime": "0927/183647", "correlationVector":"vwY15X+DJMR1GLHuuLcCIi.47","action":"GetUpdates", "result":"DeleteReceived", "context":{"id":"8a31b20e-f8be-4a7e-a98e-a6f1d1205f5d", "isDeleted:":"true", "version":"1758997651998"}}
{"logTime": "0927/183647", "correlationVector":"vwY15X+DJMR1GLHuuLcCIi.48","action":"GetUpdates", "result":"DeleteReceived", "context":{"id":"d8a1a5b4-0a87-475e-8c77-e82b8b2345f0", "isDeleted:":"true", "version":"1758997652001"}}
{"logTime": "0927/183647", "correlationVector":"vwY15X+DJMR1GLHuuLcCIi.49","action":"GetUpdates", "result":"DeleteReceived", "context":{"id":"fc888a45-5827-4c30-adbf-aa0dbb3396b4", "isDeleted:":"true", "version":"1758998129765"}}
{"logTime": "0927/183647", "correlationVector":"vwY15X+DJMR1GLHuuLcCIi.50","action":"GetUpdates Response", "result":"SYNCER_OK", "context":Received 86 update(s). cV=vwY15X+DJMR1GLHuuLcCIi.0;server=akswtt01800001s;cloudType=Consumer;environment=Prod_southindia_prod-s01-004-apac-southindia;migrationStage=NotStarted}
{"logTime": "0927/183647", "correlationVector":"lrRz9XI3mCMZ573VnUFwM0","action":"Normal GetUpdate request", "result":"", "context":cV=lrRz9XI3mCMZ573VnUFwM0
Nudged types: Bookmarks, Typed URLs, Sessions, Device Info
Refresh requested types: Bookmarks, Preferences, Passwords, Autofill Profiles, Autofill, Typed URLs, Extensions, Sessions, Extension settings, History Delete Directives, Device Info, User Consents, Send Tab To Self, Web Apps, Collection, Edge E Drop, Edge Hub App Usage, Edge Wallet, Encryption Keys}
{"logTime": "0927/183648", "correlationVector":"lrRz9XI3mCMZ573VnUFwM0.1","action":"SyncServerConnectionManagerRequest", "result":"SYNC_SERVER_OK", "context":{"environment":"Prod_southindia_prod-s01-004-apac-southindia", "migrationStage":"NotStarted", "server":"akswtt01800002k"}}
{"logTime": "0927/183648", "correlationVector":"lrRz9XI3mCMZ573VnUFwM0.2","action":"GetUpdates Response", "result":"SYNCER_OK", "context":Received 0 update(s). cV=lrRz9XI3mCMZ573VnUFwM0.0;server=akswtt01800002k;cloudType=Consumer;environment=Prod_southindia_prod-s01-004-apac-southindia;migrationStage=NotStarted}
{"logTime": "0927/183648", "correlationVector":"NwvO9qnJDx5ZqBd5J4/wO1","action":"Commit Request", "result":"", "context":Item count: 12
Contributing types: Bookmarks, Typed URLs, Sessions, Device Info}
{"logTime": "0927/183650", "correlationVector":"NwvO9qnJDx5ZqBd5J4/wO1.1","action":"SyncServerConnectionManagerRequest", "result":"SYNC_SERVER_OK", "context":{"environment":"Prod_southindia_prod-s01-004-apac-southindia", "migrationStage":"NotStarted", "server":"akswtt01800000z"}}
{"logTime": "0927/183650", "correlationVector":"NwvO9qnJDx5ZqBd5J4/wO1.2","action":"Commit Response", "result":"SYNCER_OK", "context":Result: SYNCER_OK. cV=NwvO9qnJDx5ZqBd5J4/wO1.0;server=akswtt01800000z;cloudType=Consumer;environment=Prod_southindia_prod-s01-004-apac-southindia;migrationStage=NotStarted}
{"logTime": "0927/183734", "correlationVector":"Iac06yuH1nI8ebp0lJ8kqq","action":"Commit Request", "result":"", "context":Item count: 1
Contributing types: Preferences}
{"logTime": "0927/183736", "correlationVector":"Iac06yuH1nI8ebp0lJ8kqq.1","action":"SyncServerConnectionManagerRequest", "result":"SYNC_SERVER_OK", "context":{"environment":"Prod_southindia_prod-s01-004-apac-southindia", "migrationStage":"NotStarted", "server":"akswtt01800001r"}}
{"logTime": "0927/183736", "correlationVector":"Iac06yuH1nI8ebp0lJ8kqq.2","action":"Commit Response", "result":"SYNCER_OK", "context":Result: SYNCER_OK. cV=Iac06yuH1nI8ebp0lJ8kqq.0;server=akswtt01800001r;cloudType=Consumer;environment=Prod_southindia_prod-s01-004-apac-southindia;migrationStage=NotStarted}
{"logTime": "0927/183825", "correlationVector":"Di/+1ntlLyQwt1m0kUPh1n","action":"Normal GetUpdate request", "result":"", "context":cV=Di/+1ntlLyQwt1m0kUPh1n
Notified types: Preferences}
{"logTime": "0927/183825", "correlationVector":"Di/+1ntlLyQwt1m0kUPh1n.1","action":"SyncServerConnectionManagerRequest", "result":"SYNC_SERVER_OK", "context":{"environment":"Prod_southindia_prod-s01-004-apac-southindia", "migrationStage":"NotStarted", "server":"akswtt01800002k"}}
{"logTime": "0927/183825", "correlationVector":"Di/+1ntlLyQwt1m0kUPh1n.2","action":"GetUpdates", "result":"DeleteReceived", "context":{"id":"d0c5a91a-317b-4823-88ff-940c96eca3f2", "isDeleted:":"true", "version":"1758998210721"}}
{"logTime": "0927/183825", "correlationVector":"Di/+1ntlLyQwt1m0kUPh1n.3","action":"GetUpdates", "result":"DeleteReceived", "context":{"id":"a867701f-c067-461d-b93f-f8f993ab97fe", "isDeleted:":"true", "version":"1758998241173"}}
{"logTime": "0927/183825", "correlationVector":"Di/+1ntlLyQwt1m0kUPh1n.4","action":"GetUpdates Response", "result":"SYNCER_OK", "context":Received 17 update(s). cV=Di/+1ntlLyQwt1m0kUPh1n.0;server=akswtt01800002k;cloudType=Consumer;environment=Prod_southindia_prod-s01-004-apac-southindia;migrationStage=NotStarted}
